0 info it worked if it ends with ok
1 verbose cli [ '/Users/wangxiaolei/.nvm/versions/node/v6.11.3/bin/node',
1 verbose cli   '/Users/wangxiaolei/.nvm/versions/node/v6.11.3/bin/npm',
1 verbose cli   'run',
1 verbose cli   'start' ]
2 info using npm@3.10.10
3 info using node@v6.11.3
4 verbose run-script [ 'prestart', 'start', 'poststart' ]
5 info lifecycle wecircleserver@0.0.0~prestart: wecircleserver@0.0.0
6 silly lifecycle wecircleserver@0.0.0~prestart: no script for prestart, continuing
7 info lifecycle wecircleserver@0.0.0~start: wecircleserver@0.0.0
8 verbose lifecycle wecircleserver@0.0.0~start: unsafe-perm in lifecycle true
9 verbose lifecycle wecircleserver@0.0.0~start: PATH: /Users/wangxiaolei/.nvm/versions/node/v6.11.3/lib/node_modules/npm/bin/node-gyp-bin:/Users/wangxiaolei/Documents/vue/wecircleServer/node_modules/.bin:/Library/Frameworks/Python.framework/Versions/3.7/bin:/usr/local/opt/libxml2/bin:/Users/wangxiaolei/.nvm/versions/node/v6.11.3/bin:/Users/wangxiaolei/Documents/vue/wecircleServer/flutter/bin:/usr/local/bin:/usr/bin:/bin:/usr/sbin:/sbin:/Users/wangxiaolei/Library/Android/sdk/tools:/Users/wangxiaolei/Library/Android/sdk/tools/bin:/Users/wangxiaolei/Library/Android/sdk/platform-tools:/Users/wangxiaolei/Library/Android/sdk/emulator
10 verbose lifecycle wecircleserver@0.0.0~start: CWD: /Users/wangxiaolei/Documents/vue/wecircleServer
11 silly lifecycle wecircleserver@0.0.0~start: Args: [ '-c', 'node ./bin/www' ]
12 silly lifecycle wecircleserver@0.0.0~start: Returned: code: 1  signal: null
13 info lifecycle wecircleserver@0.0.0~start: Failed to exec start script
14 verbose stack Error: wecircleserver@0.0.0 start: `node ./bin/www`
14 verbose stack Exit status 1
14 verbose stack     at EventEmitter.<anonymous> (/Users/wangxiaolei/.nvm/versions/node/v6.11.3/lib/node_modules/npm/lib/utils/lifecycle.js:255:16)
14 verbose stack     at emitTwo (events.js:106:13)
14 verbose stack     at EventEmitter.emit (events.js:191:7)
14 verbose stack     at ChildProcess.<anonymous> (/Users/wangxiaolei/.nvm/versions/node/v6.11.3/lib/node_modules/npm/lib/utils/spawn.js:40:14)
14 verbose stack     at emitTwo (events.js:106:13)
14 verbose stack     at ChildProcess.emit (events.js:191:7)
14 verbose stack     at maybeClose (internal/child_process.js:920:16)
14 verbose stack     at Process.ChildProcess._handle.onexit (internal/child_process.js:230:5)
15 verbose pkgid wecircleserver@0.0.0
16 verbose cwd /Users/wangxiaolei/Documents/vue/wecircleServer
17 error Darwin 17.7.0
18 error argv "/Users/wangxiaolei/.nvm/versions/node/v6.11.3/bin/node" "/Users/wangxiaolei/.nvm/versions/node/v6.11.3/bin/npm" "run" "start"
19 error node v6.11.3
20 error npm  v3.10.10
21 error code ELIFECYCLE
22 error wecircleserver@0.0.0 start: `node ./bin/www`
22 error Exit status 1
23 error Failed at the wecircleserver@0.0.0 start script 'node ./bin/www'.
23 error Make sure you have the latest version of node.js and npm installed.
23 error If you do, this is most likely a problem with the wecircleserver package,
23 error not with npm itself.
23 error Tell the author that this fails on your system:
23 error     node ./bin/www
23 error You can get information on how to open an issue for this project with:
23 error     npm bugs wecircleserver
23 error Or if that isn't available, you can get their info via:
23 error     npm owner ls wecircleserver
23 error There is likely additional logging output above.
24 verbose exit [ 1, true ]
